Loaded module: openblas/0.2.14
     1.148    421.510 # matmult_kmn
     1.898    681.856 # matmult_kmn
     3.961   1165.403 # matmult_kmn
     8.461   1544.783 # matmult_kmn
    15.844   1710.864 # matmult_kmn
    32.086   1903.505 # matmult_kmn
    63.375   1980.101 # matmult_kmn
   128.344   1990.185 # matmult_kmn
   258.398   2038.599 # matmult_kmn
   513.375   2078.230 # matmult_kmn
  1023.773   2058.614 # matmult_kmn
  2053.500   2147.664 # matmult_kmn
  4095.094   2203.917 # matmult_kmn
  8186.273   2262.178 # matmult_kmn
 16380.375   2287.250 # matmult_kmn
 32745.094   2295.514 # matmult_kmn
 65521.500   1729.591 # matmult_kmn
131091.211   1654.161 # matmult_kmn
262086.000   1666.656 # matmult_kmn
     1.148    414.695 # matmult_knm
     1.898    655.523 # matmult_knm
     3.961    989.597 # matmult_knm
     8.461   1232.451 # matmult_knm
    15.844   1306.030 # matmult_knm
    32.086   1378.077 # matmult_knm
    63.375   1262.733 # matmult_knm
   128.344   1324.637 # matmult_knm
   258.398   1332.670 # matmult_knm
   513.375   1106.037 # matmult_knm
  1023.773    814.199 # matmult_knm
  2053.500    519.648 # matmult_knm
  4095.094    504.053 # matmult_knm
  8186.273    502.322 # matmult_knm
 16380.375    501.264 # matmult_knm
 32745.094    381.740 # matmult_knm
 65521.500    388.852 # matmult_knm
131091.211    268.357 # matmult_knm
262086.000    270.199 # matmult_knm
     1.148    433.981 # matmult_mkn
     1.898    711.768 # matmult_mkn
     3.961   1175.345 # matmult_mkn
     8.461   1546.515 # matmult_mkn
    15.844   1726.541 # matmult_mkn
    32.086   1903.983 # matmult_mkn
    63.375   1979.429 # matmult_mkn
   128.344   1859.160 # matmult_mkn
   258.398   2053.692 # matmult_mkn
   513.375   2107.576 # matmult_mkn
  1023.773   2163.765 # matmult_mkn
  2053.500   2252.918 # matmult_mkn
  4095.094   2290.827 # matmult_mkn
  8186.273   2339.011 # matmult_mkn
 16380.375   2349.181 # matmult_mkn
 32745.094   2367.531 # matmult_mkn
 65521.500   2204.727 # matmult_mkn
131091.211   1866.434 # matmult_mkn
262086.000   1867.601 # matmult_mkn
     1.148    440.952 # matmult_mnk
     1.898    720.244 # matmult_mnk
     3.961   1137.574 # matmult_mnk
     8.461   1429.031 # matmult_mnk
    15.844   1553.391 # matmult_mnk
    32.086   1570.920 # matmult_mnk
    63.375   1463.856 # matmult_mnk
   128.344   1392.868 # matmult_mnk
   258.398   1371.078 # matmult_mnk
   513.375   1344.640 # matmult_mnk
  1023.773   1012.474 # matmult_mnk
  2053.500   1174.510 # matmult_mnk
  4095.094   1030.582 # matmult_mnk
  8186.273    900.712 # matmult_mnk
 16380.375   1091.886 # matmult_mnk
 32745.094   1053.494 # matmult_mnk
 65521.500    969.203 # matmult_mnk
131091.211    417.752 # matmult_mnk
262086.000    479.423 # matmult_mnk
     1.148    422.397 # matmult_nkm
     1.898    673.044 # matmult_nkm
     3.961    996.749 # matmult_nkm
     8.461   1290.720 # matmult_nkm
    15.844   1396.442 # matmult_nkm
    32.086   1357.960 # matmult_nkm
    63.375   1300.331 # matmult_nkm
   128.344   1330.646 # matmult_nkm
   258.398   1336.833 # matmult_nkm
   513.375   1083.322 # matmult_nkm
  1023.773    810.109 # matmult_nkm
  2053.500    530.741 # matmult_nkm
  4095.094    511.690 # matmult_nkm
  8186.273    508.472 # matmult_nkm
 16380.375    509.673 # matmult_nkm
 32745.094    511.042 # matmult_nkm
 65521.500    474.751 # matmult_nkm
131091.211    269.953 # matmult_nkm
262086.000    273.354 # matmult_nkm
     1.148    444.401 # matmult_nmk
     1.898    722.340 # matmult_nmk
     3.961   1134.050 # matmult_nmk
     8.461   1428.932 # matmult_nmk
    15.844   1545.099 # matmult_nmk
    32.086   1574.682 # matmult_nmk
    63.375   1335.565 # matmult_nmk
   128.344   1410.628 # matmult_nmk
   258.398   1384.707 # matmult_nmk
   513.375   1340.015 # matmult_nmk
  1023.773   1274.859 # matmult_nmk
  2053.500   1251.213 # matmult_nmk
  4095.094   1185.658 # matmult_nmk
  8186.273   1072.409 # matmult_nmk
 16380.375   1181.963 # matmult_nmk
 32745.094   1185.490 # matmult_nmk
 65521.500   1185.455 # matmult_nmk
131091.211    915.381 # matmult_nmk
262086.000    439.686 # matmult_nmk
     1.148    478.779 # matmult_lib
     1.898    853.954 # matmult_lib
     3.961   1805.639 # matmult_lib
     8.461   2836.583 # matmult_lib
    15.844   3289.039 # matmult_lib
    32.086   3785.555 # matmult_lib
    63.375   6250.542 # matmult_lib
   128.344   5033.807 # matmult_lib
   258.398   5440.212 # matmult_lib
   513.375   7225.583 # matmult_lib
  1023.773   7082.020 # matmult_lib
  2053.500   8236.952 # matmult_lib
  4095.094   8348.404 # matmult_lib
  8186.273   7288.008 # matmult_lib
 16380.375   8414.872 # matmult_lib
 32745.094   8463.518 # matmult_lib
 65521.500   8479.076 # matmult_lib
131091.211   7949.181 # matmult_lib
262086.000   8530.418 # matmult_lib

------------------------------------------------------------
Sender: LSF System <lsfadmin@hpc.dtu.dk>
Subject: Job 11988857: <mm_batch> in cluster <dcc> Done

Job <mm_batch> was submitted from host <n-62-30-2> by user <s174450> in cluster <dcc> at Fri Jan  7 10:42:34 2022
Job was executed on host(s) <n-62-21-77>, in queue <hpcintro>, as user <s174450> in cluster <dcc> at Fri Jan  7 10:42:35 2022
</zhome/a9/a/127079> was used as the home directory.
</zhome/a9/a/127079/Assignment1> was used as the working directory.
Started at Fri Jan  7 10:42:35 2022
Terminated at Fri Jan  7 11:11:24 2022
Results reported at Fri Jan  7 11:11:24 2022

Your job looked like:

------------------------------------------------------------
# LSBATCH: User input
#!/bin/bash
# 02614 - High-Performance Computing, January 2022
# 
# batch script to run matmult on a decidated server in the hpcintro
# queue
#
# Author: Bernd Dammann <bd@cc.dtu.dk>
#
#BSUB -J mm_batch
#BSUB -o OFastFunroll_%J.out
#BSUB -q hpcintro
#BSUB -n 1
#BSUB -R "rusage[mem=2048]"
#BSUB -W 01:00
# uncomment the following line, if you want to assure that your job has
# a whole CPU for itself (shared L3 cache)
# #BSUB -R "span[hosts=1] affinity[socket(1)]"

module load openblas

# define the driver name to use
# valid values: matmult_c.studio, matmult_f.studio, matmult_c.gcc or
# matmult_f.gcc
#
EXECUTABLE=matmult_c.gcc

# define the mkn values in the MKN variable
#
SIZES="7 9 13 19 26 37 52 74 105 148 209 296 418 591 836 1182 1672 2365 3344"

# define the permutation type in PERM
#
PERM="kmn knm mkn mnk nkm nmk lib"

# uncomment and set a reasonable BLKSIZE for the blk version
#
# BLKSIZE=1

# enable(1)/disable(0) result checking
export MATMULT_COMPARE=0
export MATMULT_RESULTS=0
# start the collect command with the above settings
for P in $PERM
do
    for S in $SIZES
    do
        ./$EXECUTABLE $P $S $S $S $BLKSIZE
    done
done


(... more ...)
------------------------------------------------------------

Successfully completed.

Resource usage summary:

    CPU time :                                   1727.37 sec.
    Max Memory :                                 260 MB
    Average Memory :                             100.07 MB
    Total Requested Memory :                     2048.00 MB
    Delta Memory :                               1788.00 MB
    Max Swap :                                   -
    Max Processes :                              4
    Max Threads :                                5
    Run time :                                   1754 sec.
    Turnaround time :                            1730 sec.

The output (if any) is above this job summary.

