/zhome/a9/a/127079/.lsbatch/1641562081.11989927.shell: line 1: i#!/bin/bash: No such file or directory
Loaded module: openblas/0.2.14
 52734.375    187.873 # matmult_blk 8
 52734.375    194.753 # matmult_blk 10
 52734.375   1074.848 # matmult_blk 15
 52734.375   1049.331 # matmult_blk 20
 52734.375   1060.886 # matmult_blk 25
 52734.375   1061.521 # matmult_blk 30
 52734.375    894.713 # matmult_blk 35
 52734.375    954.447 # matmult_blk 40
 52734.375    932.347 # matmult_blk 50
 52734.375   1003.630 # matmult_blk 100
 52734.375   1011.401 # matmult_blk 150
 52734.375   1023.835 # matmult_blk 200
 52734.375   1040.293 # matmult_blk 250
 52734.375   1049.446 # matmult_blk 300
 52734.375   1048.467 # matmult_blk 350
 52734.375   1056.816 # matmult_blk 400

------------------------------------------------------------
Sender: LSF System <lsfadmin@hpc.dtu.dk>
Subject: Job 11989927: <mm_batch> in cluster <dcc> Done

Job <mm_batch> was submitted from host <n-62-27-21> by user <s174450> in cluster <dcc> at Fri Jan  7 14:28:01 2022
Job was executed on host(s) <n-62-21-76>, in queue <hpcintro>, as user <s174450> in cluster <dcc> at Fri Jan  7 14:28:02 2022
</zhome/a9/a/127079> was used as the home directory.
</zhome/a9/a/127079/Assignment1> was used as the working directory.
Started at Fri Jan  7 14:28:02 2022
Terminated at Fri Jan  7 14:30:47 2022
Results reported at Fri Jan  7 14:30:47 2022

Your job looked like:

------------------------------------------------------------
# LSBATCH: User input
i#!/bin/bash
# 02614 - High-Performance Computing, January 2022
# 
# batch script to run matmult on a decidated server in the hpcintro
# queue
#
# Author: Bernd Dammann <bd@cc.dtu.dk>
#
#BSUB -J mm_batch
#BSUB -o NothingBLK_%J.out
#BSUB -q hpcintro
#BSUB -n 1
#BSUB -R "rusage[mem=2048]"
#BSUB -W 01:00
# uncomment the following line, if you want to assure that your job has
# a whole CPU for itself (shared L3 cache)
# #BSUB -R "span[hosts=1] affinity[socket(1)]"

module load openblas

# define the driver name to use
# valid values: matmult_c.studio, matmult_f.studio, matmult_c.gcc or
# matmult_f.gcc
#
EXECUTABLE=matmult_c.gcc

# define the mkn values in the MKN variable
#
SIZES="1500"

# define the permutation type in PERM
#
PERM="blk"

# uncomment and set a reasonable BLKSIZE for the blk version
#
BLKSIZE="8 10 15 20 25 30 35 40 50 100 150 200 250 300 350 400"

# enable(1)/disable(0) result checking
export MATMULT_COMPARE=0
export MATMULT_RESULTS=0
# start the collect command with the above settings
for B in $BLKSIZE
do
	./$EXECUTABLE $PERM $SIZES $SIZES $SIZES $B
done



------------------------------------------------------------

Successfully completed.

Resource usage summary:

    CPU time :                                   164.42 sec.
    Max Memory :                                 56 MB
    Average Memory :                             56.00 MB
    Total Requested Memory :                     2048.00 MB
    Delta Memory :                               1992.00 MB
    Max Swap :                                   -
    Max Processes :                              4
    Max Threads :                                5
    Run time :                                   199 sec.
    Turnaround time :                            166 sec.

The output (if any) is above this job summary.

