Loaded module: openblas/0.2.14
     1.148    433.835 # matmult_kmn
     1.898    730.566 # matmult_kmn
     3.961   1230.156 # matmult_kmn
     8.461   1711.582 # matmult_kmn
    15.844   1902.238 # matmult_kmn
    32.086   2111.851 # matmult_kmn
    63.375   2217.079 # matmult_kmn
   128.344   2269.798 # matmult_kmn
   258.398   2338.686 # matmult_kmn
   513.375   2305.135 # matmult_kmn
  1023.773   2071.926 # matmult_kmn
  2053.500   2158.618 # matmult_kmn
  4095.094   2213.947 # matmult_kmn
  8186.273   2256.647 # matmult_kmn
 16380.375   2287.631 # matmult_kmn
 32745.094   2304.591 # matmult_kmn
 65521.500   2046.305 # matmult_kmn
131091.211   1667.718 # matmult_kmn
262086.000   1668.401 # matmult_kmn
     1.148    410.494 # matmult_knm
     1.898    648.433 # matmult_knm
     3.961    985.257 # matmult_knm
     8.461   1228.583 # matmult_knm
    15.844   1322.715 # matmult_knm
    32.086   1381.181 # matmult_knm
    63.375   1267.411 # matmult_knm
   128.344   1317.457 # matmult_knm
   258.398   1347.979 # matmult_knm
   513.375   1104.316 # matmult_knm
  1023.773    807.692 # matmult_knm
  2053.500    519.469 # matmult_knm
  4095.094    502.289 # matmult_knm
  8186.273    501.912 # matmult_knm
 16380.375    501.298 # matmult_knm
 32745.094    502.518 # matmult_knm
 65521.500    435.067 # matmult_knm
131091.211    267.893 # matmult_knm
262086.000    150.980 # matmult_knm
     1.148    182.698 # matmult_mkn
     1.898    217.616 # matmult_mkn
     3.961    249.971 # matmult_mkn
     8.461    274.964 # matmult_mkn
    15.844    290.443 # matmult_mkn
    32.086    296.098 # matmult_mkn
    63.375    305.764 # matmult_mkn
   128.344    309.463 # matmult_mkn
   258.398    313.236 # matmult_mkn
   513.375    313.856 # matmult_mkn
  1023.773    315.968 # matmult_mkn
  2053.500    317.262 # matmult_mkn
  4095.094    317.608 # matmult_mkn
  8186.273    318.339 # matmult_mkn
 16380.375    319.361 # matmult_mkn
 32745.094    319.783 # matmult_mkn
 65521.500    317.321 # matmult_mkn
131091.211    316.901 # matmult_mkn
262086.000    317.018 # matmult_mkn
     1.148    199.206 # matmult_mnk
     1.898    246.133 # matmult_mnk
     3.961    282.665 # matmult_mnk
     8.461    277.780 # matmult_mnk
    15.844    310.738 # matmult_mnk
    32.086    301.009 # matmult_mnk
    63.375    305.351 # matmult_mnk
   128.344    305.550 # matmult_mnk
   258.398    307.435 # matmult_mnk
   513.375    309.113 # matmult_mnk
  1023.773    243.636 # matmult_mnk
  2053.500    269.778 # matmult_mnk
  4095.094    224.379 # matmult_mnk
  8186.273    218.524 # matmult_mnk
 16380.375    252.747 # matmult_mnk
 32745.094    234.479 # matmult_mnk
 65521.500    208.673 # matmult_mnk
131091.211    119.004 # matmult_mnk
262086.000    158.912 # matmult_mnk
     1.148    195.181 # matmult_nkm
     1.898    227.448 # matmult_nkm
     3.961    236.889 # matmult_nkm
     8.461    268.160 # matmult_nkm
    15.844    282.396 # matmult_nkm
    32.086    284.450 # matmult_nkm
    63.375    295.050 # matmult_nkm
   128.344    297.686 # matmult_nkm
   258.398    300.551 # matmult_nkm
   513.375    288.027 # matmult_nkm
  1023.773    235.165 # matmult_nkm
  2053.500    243.473 # matmult_nkm
  4095.094    217.774 # matmult_nkm
  8186.273    218.035 # matmult_nkm
 16380.375    235.579 # matmult_nkm
 32745.094    200.378 # matmult_nkm
 65521.500    181.384 # matmult_nkm
131091.211    107.970 # matmult_nkm
262086.000    154.114 # matmult_nkm
     1.148    197.338 # matmult_nmk
     1.898    244.850 # matmult_nmk
     3.961    280.588 # matmult_nmk
     8.461    279.650 # matmult_nmk
    15.844    309.903 # matmult_nmk
    32.086    299.691 # matmult_nmk
    63.375    304.160 # matmult_nmk
   128.344    310.909 # matmult_nmk
   258.398    311.865 # matmult_nmk
   513.375    312.201 # matmult_nmk
  1023.773    284.763 # matmult_nmk
  2053.500    286.352 # matmult_nmk
  4095.094    269.221 # matmult_nmk
  8186.273    275.191 # matmult_nmk
 16380.375    264.943 # matmult_nmk
 32745.094    284.405 # matmult_nmk
 65521.500    282.499 # matmult_nmk
131091.211    267.265 # matmult_nmk
262086.000    187.579 # matmult_nmk
     1.148    477.461 # matmult_lib
     1.898    857.526 # matmult_lib
     3.961   1793.078 # matmult_lib
     8.461   2838.903 # matmult_lib
    15.844   3341.768 # matmult_lib
    32.086   3783.554 # matmult_lib
    63.375   6209.322 # matmult_lib
   128.344   5064.432 # matmult_lib
   258.398   5436.524 # matmult_lib
   513.375   7220.265 # matmult_lib
  1023.773   7081.270 # matmult_lib
  2053.500   8238.704 # matmult_lib
  4095.094   8311.196 # matmult_lib
  8186.273   7225.382 # matmult_lib
 16380.375   8360.053 # matmult_lib
 32745.094   8445.150 # matmult_lib
 65521.500   8470.036 # matmult_lib
131091.211   7945.308 # matmult_lib
262086.000   8513.613 # matmult_lib

------------------------------------------------------------
Sender: LSF System <lsfadmin@hpc.dtu.dk>
Subject: Job 11989099: <mm_batch> in cluster <dcc> Done

Job <mm_batch> was submitted from host <n-62-30-2> by user <s174450> in cluster <dcc> at Fri Jan  7 12:11:40 2022
Job was executed on host(s) <n-62-21-77>, in queue <hpcintro>, as user <s174450> in cluster <dcc> at Fri Jan  7 12:11:42 2022
</zhome/a9/a/127079> was used as the home directory.
</zhome/a9/a/127079/Assignment1> was used as the working directory.
Started at Fri Jan  7 12:11:42 2022
Terminated at Fri Jan  7 13:09:59 2022
Results reported at Fri Jan  7 13:09:59 2022

Your job looked like:

------------------------------------------------------------
# LSBATCH: User input
#!/bin/bash
# 02614 - High-Performance Computing, January 2022
# 
# batch script to run matmult on a decidated server in the hpcintro
# queue
#
# Author: Bernd Dammann <bd@cc.dtu.dk>
#
#BSUB -J mm_batch
#BSUB -o O3Fun_%J.out
#BSUB -q hpcintro
#BSUB -n 1
#BSUB -R "rusage[mem=2048]"
#BSUB -W 01:00
# uncomment the following line, if you want to assure that your job has
# a whole CPU for itself (shared L3 cache)
# #BSUB -R "span[hosts=1] affinity[socket(1)]"

module load openblas

# define the driver name to use
# valid values: matmult_c.studio, matmult_f.studio, matmult_c.gcc or
# matmult_f.gcc
#
EXECUTABLE=matmult_c.gcc

# define the mkn values in the MKN variable
#
SIZES="7 9 13 19 26 37 52 74 105 148 209 296 418 591 836 1182 1672 2365 3344"

# define the permutation type in PERM
#
PERM="kmn knm mkn mnk nkm nmk lib"

# uncomment and set a reasonable BLKSIZE for the blk version
#
# BLKSIZE=1

# enable(1)/disable(0) result checking
export MATMULT_COMPARE=0
export MATMULT_RESULTS=0
# start the collect command with the above settings
for P in $PERM
do
    for S in $SIZES
    do
        ./$EXECUTABLE $P $S $S $S $BLKSIZE
    done
done


(... more ...)
------------------------------------------------------------

Successfully completed.

Resource usage summary:

    CPU time :                                   3494.62 sec.
    Max Memory :                                 260 MB
    Average Memory :                             190.52 MB
    Total Requested Memory :                     2048.00 MB
    Delta Memory :                               1788.00 MB
    Max Swap :                                   -
    Max Processes :                              4
    Max Threads :                                5
    Run time :                                   3497 sec.
    Turnaround time :                            3499 sec.

The output (if any) is above this job summary.

