Loaded module: openblas/0.2.14
     1.148    425.235 # matmult_kmn
     1.898    716.629 # matmult_kmn
     3.961   1206.454 # matmult_kmn
     8.461   1669.163 # matmult_kmn
    15.844   1883.740 # matmult_kmn
    32.086   2075.111 # matmult_kmn
    63.375   2188.141 # matmult_kmn
   128.344   2246.276 # matmult_kmn
   258.398   2323.110 # matmult_kmn
   513.375   2285.229 # matmult_kmn
  1023.773   2107.546 # matmult_kmn
  2053.500   2221.468 # matmult_kmn
  4095.094   2237.796 # matmult_kmn
  8186.273   2287.505 # matmult_kmn
 16380.375   2327.143 # matmult_kmn
 32745.094   1853.988 # matmult_kmn
 65521.500   1658.609 # matmult_kmn
131091.211   1605.475 # matmult_kmn
262086.000   1642.095 # matmult_kmn
     1.148    418.152 # matmult_knm
     1.898    658.227 # matmult_knm
     3.961    986.930 # matmult_knm
     8.461   1235.849 # matmult_knm
    15.844   1330.756 # matmult_knm
    32.086   1364.756 # matmult_knm
    63.375   1284.251 # matmult_knm
   128.344   1332.616 # matmult_knm
   258.398   1343.148 # matmult_knm
   513.375   1084.584 # matmult_knm
  1023.773    799.193 # matmult_knm
  2053.500    519.146 # matmult_knm
  4095.094    502.161 # matmult_knm
  8186.273    501.664 # matmult_knm
 16380.375    491.710 # matmult_knm
 32745.094    356.818 # matmult_knm
 65521.500    386.504 # matmult_knm
131091.211    251.670 # matmult_knm
262086.000    263.138 # matmult_knm
     1.148    426.585 # matmult_mkn
     1.898    721.047 # matmult_mkn
     3.961   1206.244 # matmult_mkn
     8.461   1677.011 # matmult_mkn
    15.844   1871.583 # matmult_mkn
    32.086   2066.994 # matmult_mkn
    63.375   2183.835 # matmult_mkn
   128.344   2248.073 # matmult_mkn
   258.398   2312.752 # matmult_mkn
   513.375   2313.712 # matmult_mkn
  1023.773   2130.112 # matmult_mkn
  2053.500   2231.027 # matmult_mkn
  4095.094   2279.469 # matmult_mkn
  8186.273   2328.214 # matmult_mkn
 16380.375   2341.587 # matmult_mkn
 32745.094   2163.002 # matmult_mkn
 65521.500   1844.199 # matmult_mkn
131091.211   1781.129 # matmult_mkn
262086.000   1772.705 # matmult_mkn
     1.148    437.398 # matmult_mnk
     1.898    710.537 # matmult_mnk
     3.961   1114.409 # matmult_mnk
     8.461   1406.037 # matmult_mnk
    15.844   1527.873 # matmult_mnk
    32.086   1554.980 # matmult_mnk
    63.375   1415.640 # matmult_mnk
   128.344   1375.310 # matmult_mnk
   258.398   1353.576 # matmult_mnk
   513.375   1291.530 # matmult_mnk
  1023.773    985.420 # matmult_mnk
  2053.500   1158.791 # matmult_mnk
  4095.094   1013.204 # matmult_mnk
  8186.273    880.162 # matmult_mnk
 16380.375    659.706 # matmult_mnk
 32745.094    544.450 # matmult_mnk
 65521.500    699.698 # matmult_mnk
131091.211    397.240 # matmult_mnk
262086.000    467.041 # matmult_mnk
     1.148    191.865 # matmult_nkm
     1.898    228.278 # matmult_nkm
     3.961    256.007 # matmult_nkm
     8.461    268.795 # matmult_nkm
    15.844    282.848 # matmult_nkm
    32.086    290.770 # matmult_nkm
    63.375    288.817 # matmult_nkm
   128.344    300.246 # matmult_nkm
   258.398    301.374 # matmult_nkm
   513.375    284.169 # matmult_nkm
  1023.773    232.980 # matmult_nkm
  2053.500    242.851 # matmult_nkm
  4095.094    215.560 # matmult_nkm
  8186.273    225.794 # matmult_nkm
 16380.375    237.488 # matmult_nkm
 32745.094    133.518 # matmult_nkm
 65521.500    177.504 # matmult_nkm
131091.211    107.107 # matmult_nkm
262086.000    149.993 # matmult_nkm
     1.148    199.909 # matmult_nmk
     1.898    244.574 # matmult_nmk
     3.961    275.028 # matmult_nmk
     8.461    274.839 # matmult_nmk
    15.844    310.060 # matmult_nmk
    32.086    300.519 # matmult_nmk
    63.375    304.838 # matmult_nmk
   128.344    310.893 # matmult_nmk
   258.398    311.581 # matmult_nmk
   513.375    312.727 # matmult_nmk
  1023.773    283.447 # matmult_nmk
  2053.500    286.538 # matmult_nmk
  4095.094    268.864 # matmult_nmk
  8186.273    254.147 # matmult_nmk
 16380.375    265.532 # matmult_nmk
 32745.094    285.032 # matmult_nmk
 65521.500    275.784 # matmult_nmk
131091.211    272.315 # matmult_nmk
262086.000    180.964 # matmult_nmk
     1.148    474.177 # matmult_lib
     1.898    854.694 # matmult_lib
     3.961   1789.201 # matmult_lib
     8.461   2824.387 # matmult_lib
    15.844   3311.933 # matmult_lib
    32.086   3769.670 # matmult_lib
    63.375   6222.119 # matmult_lib
   128.344   5037.849 # matmult_lib
   258.398   5432.609 # matmult_lib
   513.375   7220.325 # matmult_lib
  1023.773   7075.287 # matmult_lib
  2053.500   8146.992 # matmult_lib
  4095.094   8267.599 # matmult_lib
  8186.273   7200.397 # matmult_lib
 16380.375   8340.930 # matmult_lib
 32745.094   8421.254 # matmult_lib
 65521.500   8447.183 # matmult_lib
131091.211   7921.737 # matmult_lib
262086.000   8498.984 # matmult_lib

------------------------------------------------------------
Sender: LSF System <lsfadmin@hpc.dtu.dk>
Subject: Job 11989079: <mm_batch> in cluster <dcc> Done

Job <mm_batch> was submitted from host <n-62-30-2> by user <s174450> in cluster <dcc> at Fri Jan  7 12:01:52 2022
Job was executed on host(s) <n-62-21-75>, in queue <hpcintro>, as user <s174450> in cluster <dcc> at Fri Jan  7 12:01:54 2022
</zhome/a9/a/127079> was used as the home directory.
</zhome/a9/a/127079/Assignment1> was used as the working directory.
Started at Fri Jan  7 12:01:54 2022
Terminated at Fri Jan  7 12:44:07 2022
Results reported at Fri Jan  7 12:44:07 2022

Your job looked like:

------------------------------------------------------------
# LSBATCH: User input
#!/bin/bash
# 02614 - High-Performance Computing, January 2022
# 
# batch script to run matmult on a decidated server in the hpcintro
# queue
#
# Author: Bernd Dammann <bd@cc.dtu.dk>
#
#BSUB -J mm_batch
#BSUB -o OFastFunroll_%J.out
#BSUB -q hpcintro
#BSUB -n 1
#BSUB -R "rusage[mem=2048]"
#BSUB -W 01:00
# uncomment the following line, if you want to assure that your job has
# a whole CPU for itself (shared L3 cache)
# #BSUB -R "span[hosts=1] affinity[socket(1)]"

module load openblas

# define the driver name to use
# valid values: matmult_c.studio, matmult_f.studio, matmult_c.gcc or
# matmult_f.gcc
#
EXECUTABLE=matmult_c.gcc

# define the mkn values in the MKN variable
#
SIZES="7 9 13 19 26 37 52 74 105 148 209 296 418 591 836 1182 1672 2365 3344"

# define the permutation type in PERM
#
PERM="kmn knm mkn mnk nkm nmk lib"

# uncomment and set a reasonable BLKSIZE for the blk version
#
# BLKSIZE=1

# enable(1)/disable(0) result checking
export MATMULT_COMPARE=0
export MATMULT_RESULTS=0
# start the collect command with the above settings
for P in $PERM
do
    for S in $SIZES
    do
        ./$EXECUTABLE $P $S $S $S $BLKSIZE
    done
done


(... more ...)
------------------------------------------------------------

Successfully completed.

Resource usage summary:

    CPU time :                                   2531.45 sec.
    Max Memory :                                 260 MB
    Average Memory :                             153.05 MB
    Total Requested Memory :                     2048.00 MB
    Delta Memory :                               1788.00 MB
    Max Swap :                                   -
    Max Processes :                              4
    Max Threads :                                5
    Run time :                                   2554 sec.
    Turnaround time :                            2535 sec.

The output (if any) is above this job summary.

