Loaded module: openblas/0.2.14
 52734.375   2019.952 # matmult_kmn
 52734.375   2028.262 # matmult_kmn
 52734.375   2051.889 # matmult_kmn
 52734.375   2020.192 # matmult_kmn
 52734.375   2025.813 # matmult_kmn
 52734.375   2032.659 # matmult_kmn
 52734.375   2027.479 # matmult_kmn
 52734.375   2052.833 # matmult_kmn
 52734.375   2036.674 # matmult_kmn
 52734.375   2249.069 # matmult_kmn
 52734.375   2012.677 # matmult_kmn
 52734.375   1886.742 # matmult_kmn
 52734.375   1899.616 # matmult_kmn
 52734.375   1939.406 # matmult_kmn
 52734.375   1854.474 # matmult_kmn
 52734.375   1698.793 # matmult_kmn
 52734.375   1668.068 # matmult_kmn
 52734.375   1660.695 # matmult_kmn
 52734.375    377.349 # matmult_knm
 52734.375    373.890 # matmult_knm
 52734.375    373.824 # matmult_knm
 52734.375    378.572 # matmult_knm
 52734.375    383.337 # matmult_knm
 52734.375    378.215 # matmult_knm
 52734.375    379.844 # matmult_knm
 52734.375    376.512 # matmult_knm
 52734.375    366.668 # matmult_knm
 52734.375    372.242 # matmult_knm
 52734.375    370.255 # matmult_knm
 52734.375    377.146 # matmult_knm
 52734.375    382.783 # matmult_knm
 52734.375    379.534 # matmult_knm
 52734.375    380.586 # matmult_knm
 52734.375    381.496 # matmult_knm
 52734.375    379.513 # matmult_knm
 52734.375    380.402 # matmult_knm
 52734.375   1857.350 # matmult_mkn
 52734.375   1856.224 # matmult_mkn
 52734.375   1856.975 # matmult_mkn
 52734.375   1856.409 # matmult_mkn
 52734.375   1857.342 # matmult_mkn
 52734.375   1856.303 # matmult_mkn
 52734.375   1856.479 # matmult_mkn
 52734.375   1856.352 # matmult_mkn
 52734.375   1856.881 # matmult_mkn
 52734.375   1857.490 # matmult_mkn
 52734.375   1858.153 # matmult_mkn
 52734.375   1857.379 # matmult_mkn
 52734.375   1857.157 # matmult_mkn
 52734.375   1858.470 # matmult_mkn
 52734.375   1858.184 # matmult_mkn
 52734.375   1856.773 # matmult_mkn
 52734.375   1854.789 # matmult_mkn
 52734.375   1856.824 # matmult_mkn
 52734.375    703.203 # matmult_mnk
 52734.375    705.514 # matmult_mnk
 52734.375    705.462 # matmult_mnk
 52734.375    705.683 # matmult_mnk
 52734.375    706.195 # matmult_mnk
 52734.375    707.505 # matmult_mnk
 52734.375    707.311 # matmult_mnk
 52734.375    701.283 # matmult_mnk
 52734.375    704.143 # matmult_mnk
 52734.375    706.746 # matmult_mnk
 52734.375    704.870 # matmult_mnk
 52734.375    706.149 # matmult_mnk
 52734.375    706.838 # matmult_mnk
 52734.375    706.240 # matmult_mnk
 52734.375    708.338 # matmult_mnk
 52734.375    715.674 # matmult_mnk
 52734.375    714.870 # matmult_mnk
 52734.375    713.085 # matmult_mnk
 52734.375    375.225 # matmult_nkm
 52734.375    363.034 # matmult_nkm
 52734.375    373.867 # matmult_nkm
 52734.375    365.554 # matmult_nkm
 52734.375    368.553 # matmult_nkm
 52734.375    373.907 # matmult_nkm
 52734.375    368.578 # matmult_nkm
 52734.375    378.348 # matmult_nkm
 52734.375    379.475 # matmult_nkm
 52734.375    378.384 # matmult_nkm
 52734.375    379.894 # matmult_nkm
 52734.375    375.953 # matmult_nkm
 52734.375    385.004 # matmult_nkm
 52734.375    383.308 # matmult_nkm
 52734.375    147.288 # matmult_nkm
 52734.375    147.990 # matmult_nkm
 52734.375    154.328 # matmult_nkm
 52734.375    169.036 # matmult_nkm
 52734.375    275.091 # matmult_nmk
 52734.375    281.260 # matmult_nmk
 52734.375    277.679 # matmult_nmk
 52734.375    275.133 # matmult_nmk
 52734.375    278.703 # matmult_nmk
 52734.375    280.069 # matmult_nmk
 52734.375    277.385 # matmult_nmk
 52734.375    278.490 # matmult_nmk
 52734.375    277.916 # matmult_nmk
 52734.375    275.956 # matmult_nmk
 52734.375    277.902 # matmult_nmk
 52734.375    275.885 # matmult_nmk
 52734.375    276.434 # matmult_nmk
 52734.375    280.754 # matmult_nmk
 52734.375    276.295 # matmult_nmk
 52734.375    276.363 # matmult_nmk
 52734.375    273.846 # matmult_nmk
 52734.375    278.105 # matmult_nmk
 52734.375   8449.382 # matmult_lib
 52734.375   8450.940 # matmult_lib
 52734.375   8446.194 # matmult_lib
 52734.375   8452.434 # matmult_lib
 52734.375   8447.545 # matmult_lib
 52734.375   8444.924 # matmult_lib
 52734.375   8450.889 # matmult_lib
 52734.375   8457.841 # matmult_lib
 52734.375   8452.572 # matmult_lib
 52734.375   8454.721 # matmult_lib
 52734.375   8450.911 # matmult_lib
 52734.375   8445.661 # matmult_lib
 52734.375   8452.403 # matmult_lib
 52734.375   8450.900 # matmult_lib
 52734.375   8454.830 # matmult_lib
 52734.375   8448.377 # matmult_lib
 52734.375   8445.888 # matmult_lib
 52734.375   8438.492 # matmult_lib

------------------------------------------------------------
Sender: LSF System <lsfadmin@hpc.dtu.dk>
Subject: Job 11989078: <mm_batch> in cluster <dcc> Done

Job <mm_batch> was submitted from host <n-62-30-2> by user <s174450> in cluster <dcc> at Fri Jan  7 12:01:48 2022
Job was executed on host(s) <n-62-21-75>, in queue <hpcintro>, as user <s174450> in cluster <dcc> at Fri Jan  7 12:01:48 2022
</zhome/a9/a/127079> was used as the home directory.
</zhome/a9/a/127079/Assignment1> was used as the working directory.
Started at Fri Jan  7 12:01:48 2022
Terminated at Fri Jan  7 12:27:38 2022
Results reported at Fri Jan  7 12:27:38 2022

Your job looked like:

------------------------------------------------------------
# LSBATCH: User input
#!/bin/bash
# 02614 - High-Performance Computing, January 2022
# 
# batch script to run matmult on a decidated server in the hpcintro
# queue
#
# Author: Bernd Dammann <bd@cc.dtu.dk>
#
#BSUB -J mm_batch
#BSUB -o OFastFunrollBLK_%J.out
#BSUB -q hpcintro
#BSUB -n 1
#BSUB -R "rusage[mem=2048]"
#BSUB -W 01:00
# uncomment the following line, if you want to assure that your job has
# a whole CPU for itself (shared L3 cache)
# #BSUB -R "span[hosts=1] affinity[socket(1)]"

module load openblas

# define the driver name to use
# valid values: matmult_c.studio, matmult_f.studio, matmult_c.gcc or
# matmult_f.gcc
#
EXECUTABLE=matmult_c.gcc

# define the mkn values in the MKN variable
#
SIZES="1500"

# define the permutation type in PERM
#
PERM="kmn knm mkn mnk nkm nmk lib"

# uncomment and set a reasonable BLKSIZE for the blk version
#
BLKSIZE="8 10 15 20 25 30 50 80 100 130 160 200 230 260 300 340 380 400"

# enable(1)/disable(0) result checking
export MATMULT_COMPARE=0
export MATMULT_RESULTS=0
# start the collect command with the above settings
for P in $PERM
do
    for B in $BLKSIZE
    do
        ./$EXECUTABLE $P $SIZES $SIZES $SIZES $B
    done
done


(... more ...)
------------------------------------------------------------

Successfully completed.

Resource usage summary:

    CPU time :                                   1548.69 sec.
    Max Memory :                                 61 MB
    Average Memory :                             55.08 MB
    Total Requested Memory :                     2048.00 MB
    Delta Memory :                               1987.00 MB
    Max Swap :                                   -
    Max Processes :                              4
    Max Threads :                                5
    Run time :                                   1565 sec.
    Turnaround time :                            1550 sec.

The output (if any) is above this job summary.

