
------------------------------------------------------------
Sender: LSF System <lsfadmin@hpc.dtu.dk>
Subject: Job 12351060: <GPUMatmult_v6> in cluster <dcc> Done

Job <GPUMatmult_v6> was submitted from host <n-62-12-20> by user <s174450> in cluster <dcc> at Thu Jan 20 14:15:19 2022
Job was executed on host(s) <n-62-12-22>, in queue <hpcintrogpu>, as user <s174450> in cluster <dcc> at Thu Jan 20 14:15:20 2022
</zhome/a9/a/127079> was used as the home directory.
</zhome/a9/a/127079/Assignment2/HPC/assignment3/matmult/matmult_v6> was used as the working directory.
Started at Thu Jan 20 14:15:20 2022
Terminated at Thu Jan 20 14:15:29 2022
Results reported at Thu Jan 20 14:15:29 2022

Your job looked like:

------------------------------------------------------------
# LSBATCH: User input
#!/bin/bash
#BSUB -q hpcintrogpu
#BSUB -J GPUMatmult_v6
#BSUB -o GPU%J.out
#BSUB -e Error_%J.err
#BSUB -R "rusage[mem=5GB]"
#BSUB -W 01:00
#BSUB -n 1
#BSUB -gpu "num=1:mode=exclusive_process"
module load cuda/11.5.1
module load gcc/10.3.0-binutils-2.36.1

declare -A size_its
size_its=([512]=100 [1024]=10 [2048]=1 [4096]=1 [8192]=1)

OUTFILE="results_gpu6.txt"
rm -f $OUTFILE
EXECUTABLE=./matmult_f.nvcc



for size in 512 1024 2048 4096 8192
    do
        MFLOPS_MAX_IT=${size_its[${size}]} MATMULT_COMPARE=0 $EXECUTABLE gpu2 $size $size $size >> $OUTFILE
    done
------------------------------------------------------------

Successfully completed.

Resource usage summary:

    CPU time :                                   7.55 sec.
    Max Memory :                                 -
    Average Memory :                             -
    Total Requested Memory :                     5120.00 MB
    Delta Memory :                               -
    Max Swap :                                   -
    Max Processes :                              -
    Max Threads :                                -
    Run time :                                   18 sec.
    Turnaround time :                            10 sec.

The output (if any) is above this job summary.



PS:

Read file <Error_12351060.err> for stderr output of this job.

