
------------------------------------------------------------
Sender: LSF System <lsfadmin@hpc.dtu.dk>
Subject: Job 12351798: <GPUMatmult_v3_right> in cluster <dcc> Exited

Job <GPUMatmult_v3_right> was submitted from host <n-62-12-23> by user <s174450> in cluster <dcc> at Thu Jan 20 16:27:01 2022
Job was executed on host(s) <n-62-12-22>, in queue <hpcintrogpu>, as user <s174450> in cluster <dcc> at Thu Jan 20 16:27:23 2022
</zhome/a9/a/127079> was used as the home directory.
</zhome/a9/a/127079/Assignment2/HPC/assignment3/matmult/matmult_v3> was used as the working directory.
Started at Thu Jan 20 16:27:23 2022
Terminated at Thu Jan 20 16:27:26 2022
Results reported at Thu Jan 20 16:27:26 2022

Your job looked like:

------------------------------------------------------------
# LSBATCH: User input
#!/bin/bash
#BSUB -q hpcintrogpu
#BSUB -J GPUMatmult_v3_right
#BSUB -o GPU%J.out
#BSUB -e Error_%J.err
#BSUB -R "rusage[mem=5GB]"
#BSUB -W 01:00
#BSUB -n 1
#BSUB -gpu "num=1:mode=exclusive_process"
module load cuda/11.5.1
module load gcc/10.3.0-binutils-2.36.1

declare -A size_its
size_its=([512]=100 [1024]=10 [2048]=1 [4096]=1 [8192]=1)

OUTFILE="results_gpu3_right.txt"
rm -f $OUTFILE
EXECUTABLE=./matmult_f.nvcc



for size in 512 1024 2048 4096 8192
    do
        echo -n "$size " >> $OUTFILE 
        MFLOPS_MAX_IT=${size_its[${size}]} MATMULT_COMPARE=0 $EXECUTABLE gpu3 $size $size $size >> $OUTFILE
    done
------------------------------------------------------------

Exited with exit code 127.

Resource usage summary:

    CPU time :                                   1.96 sec.
    Max Memory :                                 -
    Average Memory :                             -
    Total Requested Memory :                     5120.00 MB
    Delta Memory :                               -
    Max Swap :                                   -
    Max Processes :                              -
    Max Threads :                                -
    Run time :                                   9 sec.
    Turnaround time :                            25 sec.

The output (if any) is above this job summary.



PS:

Read file <Error_12351798.err> for stderr output of this job.

